24-07-12.11:29:30.195 [main            ] INFO  LogicChainTest         - Starting LogicChainTest on Bread with PID 16860 (started by Lenovo in E:\big-market\big-market\big-market-app)
24-07-12.11:29:30.196 [main            ] INFO  LogicChainTest         - The following profiles are active: dev
24-07-12.11:29:30.952 [main            ] INFO  RepositoryConfigurationDelegate - Multiple Spring Data modules found, entering strict repository configuration mode!
24-07-12.11:29:30.955 [main            ] INFO  RepositoryConfigurationDelegate - Bootstrapping Spring Data repositories in DEFAULT mode.
24-07-12.11:29:30.984 [main            ] INFO  RepositoryConfigurationDelegate - Finished Spring Data repository scanning in 16ms. Found 0 repository interfaces.
24-07-12.11:29:31.343 [main            ] INFO  PostProcessorRegistrationDelegate$BeanPostProcessorChecker - Bean 'org.springframework.transaction.annotation.ProxyTransactionManagementConfiguration' of type [org.springframework.transaction.annotation.ProxyTransactionManagementConfiguration$$EnhancerBySpringCGLIB$$97c40e49] is not eligible for getting processed by all BeanPostProcessors (for example: not eligible for auto-proxying)
24-07-12.11:29:32.668 [main            ] INFO  Version                - Redisson 3.23.4
24-07-12.11:29:34.986 [redisson-netty-2-4] INFO  MasterPubSubConnectionPool - 1 connections initialized for 127.0.0.1/127.0.0.1:6379
24-07-12.11:29:35.001 [redisson-netty-2-13] INFO  MasterConnectionPool   - 5 connections initialized for 127.0.0.1/127.0.0.1:6379
24-07-12.11:29:37.093 [main            ] INFO  EndpointLinksResolver  - Exposing 2 endpoint(s) beneath base path '/actuator'
24-07-12.11:29:37.526 [main            ] INFO  LogicChainTest         - Started LogicChainTest in 7.703 seconds (JVM running for 8.59)
24-07-12.11:29:38.144 [main            ] INFO  HikariDataSource       - HikariPool-1 - Starting...
24-07-12.11:29:41.079 [main            ] INFO  HikariDataSource       - HikariPool-1 - Start completed.
24-07-12.11:29:41.621 [main            ] INFO  LogicChainTest         - 测试结果：true
24-07-12.11:29:41.632 [main            ] INFO  LogicChainTest         - 测试结果：true
24-07-12.11:29:41.664 [main            ] INFO  LogicChainTest         - 测试结果：true
24-07-12.11:29:41.671 [main            ] INFO  DefaultLogicChain      - 抽奖责任链-默认处理 userId: user001 strategyId: 100003 ruleModel: default awardId: 107
24-07-12.11:29:41.671 [main            ] INFO  LogicChainTest         - 测试结果：107
24-07-12.11:29:41.712 [Thread-5        ] INFO  HikariDataSource       - HikariPool-1 - Shutdown initiated...
24-07-12.11:29:41.727 [Thread-5        ] INFO  HikariDataSource       - HikariPool-1 - Shutdown completed.
24-07-12.11:29:54.747 [main            ] INFO  LogicChainTest         - Starting LogicChainTest on Bread with PID 22628 (started by Lenovo in E:\big-market\big-market\big-market-app)
24-07-12.11:29:54.748 [main            ] INFO  LogicChainTest         - The following profiles are active: dev
24-07-12.11:29:55.426 [main            ] INFO  RepositoryConfigurationDelegate - Multiple Spring Data modules found, entering strict repository configuration mode!
24-07-12.11:29:55.427 [main            ] INFO  RepositoryConfigurationDelegate - Bootstrapping Spring Data repositories in DEFAULT mode.
24-07-12.11:29:55.452 [main            ] INFO  RepositoryConfigurationDelegate - Finished Spring Data repository scanning in 16ms. Found 0 repository interfaces.
24-07-12.11:29:55.798 [main            ] INFO  PostProcessorRegistrationDelegate$BeanPostProcessorChecker - Bean 'org.springframework.transaction.annotation.ProxyTransactionManagementConfiguration' of type [org.springframework.transaction.annotation.ProxyTransactionManagementConfiguration$$EnhancerBySpringCGLIB$$a8f94092] is not eligible for getting processed by all BeanPostProcessors (for example: not eligible for auto-proxying)
24-07-12.11:29:56.996 [main            ] INFO  Version                - Redisson 3.23.4
24-07-12.11:29:59.083 [redisson-netty-2-4] INFO  MasterPubSubConnectionPool - 1 connections initialized for 127.0.0.1/127.0.0.1:6379
24-07-12.11:29:59.096 [redisson-netty-2-13] INFO  MasterConnectionPool   - 5 connections initialized for 127.0.0.1/127.0.0.1:6379
24-07-12.11:30:00.821 [main            ] INFO  EndpointLinksResolver  - Exposing 2 endpoint(s) beneath base path '/actuator'
24-07-12.11:30:00.885 [main            ] INFO  LogicChainTest         - Started LogicChainTest in 6.455 seconds (JVM running for 7.191)
24-07-12.11:30:01.287 [main            ] INFO  HikariDataSource       - HikariPool-1 - Starting...
24-07-12.11:30:02.223 [main            ] INFO  HikariDataSource       - HikariPool-1 - Start completed.
24-07-12.11:30:02.288 [main            ] INFO  LogicChainTest         - 测试结果：true
24-07-12.11:30:02.297 [main            ] INFO  LogicChainTest         - 测试结果：true
24-07-12.11:30:02.306 [main            ] INFO  LogicChainTest         - 测试结果：true
24-07-12.11:30:02.309 [main            ] INFO  RuleWeightLogicChain   - 抽奖责任链-权重开始 userId: xiaofuge strategyId: 100001 ruleModel: rule_weight
24-07-12.11:30:02.330 [main            ] INFO  RuleWeightLogicChain   - 抽奖责任链-权重接管 userId: xiaofuge strategyId: 100001 ruleModel: rule_weight awardId: 102
24-07-12.11:30:02.330 [main            ] INFO  LogicChainTest         - 测试结果：102
24-07-12.11:30:02.358 [Thread-5        ] INFO  HikariDataSource       - HikariPool-1 - Shutdown initiated...
24-07-12.11:30:02.364 [Thread-5        ] INFO  HikariDataSource       - HikariPool-1 - Shutdown completed.
